Determining if the function sgemm_ exists failed with the following output:
Change Dir: /home/ubuntu/Desktop/OrcVIO_study/New Folder/OrcVIO/cmake-build-debug/CMakeFiles/CMakeTmp

Run Build Command(s):/opt/clion-2022.1.3/bin/ninja/linux/ninja cmTC_55f3f && [1/2] Building C object CMakeFiles/cmTC_55f3f.dir/CheckFunctionExists.c.o
[2/2] Linking C executable cmTC_55f3f
FAILED: cmTC_55f3f 
: && /usr/bin/cc -DCHECK_FUNCTION_EXISTS=sgemm_ -rdynamic CMakeFiles/cmTC_55f3f.dir/CheckFunctionExists.c.o -o cmTC_55f3f   && :
CMakeFiles/cmTC_55f3f.dir/CheckFunctionExists.c.o: In function `main':
CheckFunctionExists.c:(.text+0x10): undefined reference to `sgemm_'
collect2: error: ld returned 1 exit status
ninja: build stopped: subcommand failed.



Performing C SOURCE FILE Test CMAKE_HAVE_LIBC_PTHREAD failed with the following output:
Change Dir: /home/ubuntu/Desktop/OrcVIO_study/New Folder/OrcVIO/cmake-build-debug/CMakeFiles/CMakeTmp

Run Build Command(s):/opt/clion-2022.1.3/bin/ninja/linux/ninja cmTC_e22d8 && [1/2] Building C object CMakeFiles/cmTC_e22d8.dir/src.c.o
[2/2] Linking C executable cmTC_e22d8
FAILED: cmTC_e22d8 
: && /usr/bin/cc  -rdynamic CMakeFiles/cmTC_e22d8.dir/src.c.o -o cmTC_e22d8   && :
CMakeFiles/cmTC_e22d8.dir/src.c.o: In function `main':
src.c:(.text+0x3e): undefined reference to `pthread_create'
src.c:(.text+0x4a): undefined reference to `pthread_detach'
src.c:(.text+0x56): undefined reference to `pthread_cancel'
src.c:(.text+0x67): undefined reference to `pthread_join'
src.c:(.text+0x7b): undefined reference to `pthread_atfork'
collect2: error: ld returned 1 exit status
ninja: build stopped: subcommand failed.


Source file was:
#include <pthread.h>

static void* test_func(void* data)
{
  return data;
}

int main(void)
{
  pthread_t thread;
  pthread_create(&thread, NULL, test_func, NULL);
  pthread_detach(thread);
  pthread_cancel(thread);
  pthread_join(thread, NULL);
  pthread_atfork(NULL, NULL, NULL);
  pthread_exit(NULL);

  return 0;
}

Determining if the function pthread_create exists in the pthreads failed with the following output:
Change Dir: /home/ubuntu/Desktop/OrcVIO_study/New Folder/OrcVIO/cmake-build-debug/CMakeFiles/CMakeTmp

Run Build Command(s):/opt/clion-2022.1.3/bin/ninja/linux/ninja cmTC_88895 && [1/2] Building C object CMakeFiles/cmTC_88895.dir/CheckFunctionExists.c.o
[2/2] Linking C executable cmTC_88895
FAILED: cmTC_88895 
: && /usr/bin/cc -DCHECK_FUNCTION_EXISTS=pthread_create -rdynamic CMakeFiles/cmTC_88895.dir/CheckFunctionExists.c.o -o cmTC_88895  -lpthreads && :
/usr/bin/ld: cannot find -lpthreads
collect2: error: ld returned 1 exit status
ninja: build stopped: subcommand failed.



Determining if the function cheev_ exists failed with the following output:
Change Dir: /home/ubuntu/Desktop/OrcVIO_study/New Folder/OrcVIO/cmake-build-debug/CMakeFiles/CMakeTmp

Run Build Command(s):/opt/clion-2022.1.3/bin/ninja/linux/ninja cmTC_d678a && [1/2] Building C object CMakeFiles/cmTC_d678a.dir/CheckFunctionExists.c.o
[2/2] Linking C executable cmTC_d678a
FAILED: cmTC_d678a 
: && /usr/bin/cc -DCHECK_FUNCTION_EXISTS=cheev_ -rdynamic CMakeFiles/cmTC_d678a.dir/CheckFunctionExists.c.o -o cmTC_d678a  /usr/lib/x86_64-linux-gnu/libblas.so  /usr/lib/x86_64-linux-gnu/libf77blas.so  /usr/lib/x86_64-linux-gnu/libatlas.so  -lpthread  -lm  -ldl && :
CMakeFiles/cmTC_d678a.dir/CheckFunctionExists.c.o: In function `main':
CheckFunctionExists.c:(.text+0x10): undefined reference to `cheev_'
collect2: error: ld returned 1 exit status
ninja: build stopped: subcommand failed.



Determining if the function cheev_ exists failed with the following output:
Change Dir: /home/ubuntu/Desktop/OrcVIO_study/New Folder/OrcVIO/cmake-build-debug/CMakeFiles/CMakeTmp

Run Build Command(s):/opt/clion-2022.1.3/bin/ninja/linux/ninja cmTC_97945 && [1/2] Building C object CMakeFiles/cmTC_97945.dir/CheckFunctionExists.c.o
[2/2] Linking C executable cmTC_97945
FAILED: cmTC_97945 
: && /usr/bin/cc -DCHECK_FUNCTION_EXISTS=cheev_ -rdynamic CMakeFiles/cmTC_97945.dir/CheckFunctionExists.c.o -o cmTC_97945  /usr/lib/x86_64-linux-gnu/liblapack.so  /usr/lib/x86_64-linux-gnu/libblas.so  /usr/lib/x86_64-linux-gnu/libf77blas.so  /usr/lib/x86_64-linux-gnu/libatlas.so  -fortranlibs && :
cc: error: unrecognized command line option '-fortranlibs'; did you mean '-fltrans'?
ninja: build stopped: subcommand failed.



